# JRE version: Java(TM) SE Runtime Environment (17.0.8+9) (build 17.0.8+9-LTS-211)
# Java VM: Java HotSpot(TM) 64-Bit Server VM (17.0.8+9-LTS-211, mixed mode, sharing, tiered, compressed oops, compressed class ptrs, g1 gc, windows-amd64)
GC Precious Log:
 CPUs: 4 total, 4 available
 Memory: 6023M
 Large Page Support: Disabled
 NUMA Support: Disabled
 Compressed Oops: Enabled (32-bit)
 Heap Region Size: 1M
 Heap Min Capacity: 8M
 Heap Initial Capacity: 96M
 Heap Max Capacity: 1506M
 Pre-touch: Disabled
 Parallel Workers: 4
 Concurrent Workers: 1
 Concurrent Refinement Workers: 4
 Periodic GC: Disabled
Heap:
 garbage-first heap   total 61440K, used 44649K [0x00000000a1e00000, 0x0000000100000000)
  region size 1024K, 14 young (14336K), 2 survivors (2048K)
 Metaspace       used 64105K, committed 64704K, reserved 1114112K
  class space    used 8599K, committed 8896K, reserved 1048576K
GC Heap History (20 events):
Event: 103.407 GC heap before
{Heap before GC invocations=9 (full 0):
 garbage-first heap   total 61440K, used 44712K [0x00000000a1e00000, 0x0000000100000000)
  region size 1024K, 27 young (27648K), 4 survivors (4096K)
 Metaspace       used 32227K, committed 32640K, reserved 1114112K
  class space    used 4023K, committed 4224K, reserved 1048576K
}
Event: 103.421 GC heap after
{Heap after GC invocations=10 (full 0):
 garbage-first heap   total 61440K, used 23237K [0x00000000a1e00000, 0x0000000100000000)
  region size 1024K, 4 young (4096K), 4 survivors (4096K)
 Metaspace       used 32227K, committed 32640K, reserved 1114112K
  class space    used 4023K, committed 4224K, reserved 1048576K
}
Event: 121.086 GC heap before
{Heap before GC invocations=10 (full 0):
 garbage-first heap   total 61440K, used 45765K [0x00000000a1e00000, 0x0000000100000000)
  region size 1024K, 27 young (27648K), 4 survivors (4096K)
 Metaspace       used 35529K, committed 35968K, reserved 1114112K
  class space    used 4452K, committed 4672K, reserved 1048576K
}
Event: 121.101 GC heap after
{Heap after GC invocations=11 (full 0):
 garbage-first heap   total 61440K, used 25382K [0x00000000a1e00000, 0x0000000100000000)
  region size 1024K, 3 young (3072K), 3 survivors (3072K)
 Metaspace       used 35529K, committed 35968K, reserved 1114112K
  class space    used 4452K, committed 4672K, reserved 1048576K
}
Event: 141.641 GC heap before
{Heap before GC invocations=12 (full 0):
 garbage-first heap   total 61440K, used 44838K [0x00000000a1e00000, 0x0000000100000000)
  region size 1024K, 23 young (23552K), 3 survivors (3072K)
 Metaspace       used 37563K, committed 38080K, reserved 1114112K
  class space    used 4736K, committed 4992K, reserved 1048576K
}
Event: 141.669 GC heap after
{Heap after GC invocations=13 (full 0):
 garbage-first heap   total 61440K, used 26552K [0x00000000a1e00000, 0x0000000100000000)
  region size 1024K, 2 young (2048K), 2 survivors (2048K)
 Metaspace       used 37563K, committed 38080K, reserved 1114112K
  class space    used 4736K, committed 4992K, reserved 1048576K
}
Event: 147.879 GC heap before
{Heap before GC invocations=13 (full 0):
 garbage-first heap   total 61440K, used 46008K [0x00000000a1e00000, 0x0000000100000000)
  region size 1024K, 22 young (22528K), 2 survivors (2048K)
 Metaspace       used 40851K, committed 41408K, reserved 1114112K
  class space    used 5194K, committed 5440K, reserved 1048576K
}
Event: 147.894 GC heap after
{Heap after GC invocations=14 (full 0):
 garbage-first heap   total 61440K, used 27346K [0x00000000a1e00000, 0x0000000100000000)
  region size 1024K, 3 young (3072K), 3 survivors (3072K)
 Metaspace       used 40851K, committed 41408K, reserved 1114112K
  class space    used 5194K, committed 5440K, reserved 1048576K
}
Event: 159.523 GC heap before
{Heap before GC invocations=14 (full 0):
 garbage-first heap   total 61440K, used 47826K [0x00000000a1e00000, 0x0000000100000000)
  region size 1024K, 23 young (23552K), 3 survivors (3072K)
 Metaspace       used 46291K, committed 46784K, reserved 1114112K
  class space    used 5964K, committed 6208K, reserved 1048576K
}
Event: 159.544 GC heap after
{Heap after GC invocations=15 (full 0):
 garbage-first heap   total 61440K, used 29317K [0x00000000a1e00000, 0x0000000100000000)
  region size 1024K, 3 young (3072K), 3 survivors (3072K)
 Metaspace       used 46291K, committed 46784K, reserved 1114112K
  class space    used 5964K, committed 6208K, reserved 1048576K
}
Event: 165.453 GC heap before
{Heap before GC invocations=15 (full 0):
 garbage-first heap   total 61440K, used 47749K [0x00000000a1e00000, 0x0000000100000000)
  region size 1024K, 22 young (22528K), 3 survivors (3072K)
 Metaspace       used 51049K, committed 51520K, reserved 1114112K
  class space    used 6614K, committed 6848K, reserved 1048576K
}
Event: 165.474 GC heap after
{Heap after GC invocations=16 (full 0):
 garbage-first heap   total 61440K, used 30978K [0x00000000a1e00000, 0x0000000100000000)
  region size 1024K, 2 young (2048K), 2 survivors (2048K)
 Metaspace       used 51049K, committed 51520K, reserved 1114112K
  class space    used 6614K, committed 6848K, reserved 1048576K
}
Event: 173.129 GC heap before
{Heap before GC invocations=16 (full 0):
 garbage-first heap   total 61440K, used 47362K [0x00000000a1e00000, 0x0000000100000000)
  region size 1024K, 19 young (19456K), 2 survivors (2048K)
 Metaspace       used 56601K, committed 57152K, reserved 1114112K
  class space    used 7421K, committed 7680K, reserved 1048576K
}
Event: 173.138 GC heap after
{Heap after GC invocations=17 (full 0):
 garbage-first heap   total 61440K, used 31265K [0x00000000a1e00000, 0x0000000100000000)
  region size 1024K, 3 young (3072K), 3 survivors (3072K)
 Metaspace       used 56601K, committed 57152K, reserved 1114112K
  class space    used 7421K, committed 7680K, reserved 1048576K
}
Event: 183.502 GC heap before
{Heap before GC invocations=18 (full 0):
 garbage-first heap   total 61440K, used 47649K [0x00000000a1e00000, 0x0000000100000000)
  region size 1024K, 20 young (20480K), 3 survivors (3072K)
 Metaspace       used 60207K, committed 60736K, reserved 1114112K
  class space    used 8083K, committed 8320K, reserved 1048576K
}
Event: 183.527 GC heap after
{Heap after GC invocations=19 (full 0):
 garbage-first heap   total 61440K, used 32028K [0x00000000a1e00000, 0x0000000100000000)
  region size 1024K, 2 young (2048K), 2 survivors (2048K)
 Metaspace       used 60207K, committed 60736K, reserved 1114112K
  class space    used 8083K, committed 8320K, reserved 1048576K
}
Event: 183.837 GC heap before
{Heap before GC invocations=19 (full 0):
 garbage-first heap   total 61440K, used 33052K [0x00000000a1e00000, 0x0000000100000000)
  region size 1024K, 3 young (3072K), 2 survivors (2048K)
 Metaspace       used 60503K, committed 60992K, reserved 1114112K
  class space    used 8134K, committed 8384K, reserved 1048576K
}
Event: 183.847 GC heap after
{Heap after GC invocations=20 (full 0):
 garbage-first heap   total 61440K, used 32069K [0x00000000a1e00000, 0x0000000100000000)
  region size 1024K, 1 young (1024K), 1 survivors (1024K)
 Metaspace       used 60503K, committed 60992K, reserved 1114112K
  class space    used 8134K, committed 8384K, reserved 1048576K
}
Event: 201.078 GC heap before
{Heap before GC invocations=20 (full 0):
 garbage-first heap   total 61440K, used 49477K [0x00000000a1e00000, 0x0000000100000000)
  region size 1024K, 18 young (18432K), 1 survivors (1024K)
 Metaspace       used 62560K, committed 63104K, reserved 1114112K
  class space    used 8381K, committed 8640K, reserved 1048576K
}
Event: 201.090 GC heap after
{Heap after GC invocations=21 (full 0):
 garbage-first heap   total 61440K, used 33385K [0x00000000a1e00000, 0x0000000100000000)
  region size 1024K, 2 young (2048K), 2 survivors (2048K)
 Metaspace       used 62560K, committed 63104K, reserved 1114112K
  class space    used 8381K, committed 8640K, reserved 1048576K
}

