# JRE version: Java(TM) SE Runtime Environment (17.0.8+9) (build 17.0.8+9-LTS-211)
# Java VM: Java HotSpot(TM) 64-Bit Server VM (17.0.8+9-LTS-211, mixed mode, sharing, tiered, compressed oops, compressed class ptrs, g1 gc, windows-amd64)
GC Precious Log:
 CPUs: 4 total, 4 available
 Memory: 6023M
 Large Page Support: Disabled
 NUMA Support: Disabled
 Compressed Oops: Enabled (32-bit)
 Heap Region Size: 1M
 Heap Min Capacity: 8M
 Heap Initial Capacity: 96M
 Heap Max Capacity: 1506M
 Pre-touch: Disabled
 Parallel Workers: 4
 Concurrent Workers: 1
 Concurrent Refinement Workers: 4
 Periodic GC: Disabled
Heap:
 garbage-first heap   total 98304K, used 45911K [0x00000000a1e00000, 0x0000000100000000)
  region size 1024K, 39 young (39936K), 3 survivors (3072K)
 Metaspace       used 18872K, committed 19136K, reserved 1114112K
  class space    used 2303K, committed 2432K, reserved 1048576K
GC Heap History (6 events):
Event: 17.853 GC heap before
{Heap before GC invocations=0 (full 0):
 garbage-first heap   total 98304K, used 13312K [0x00000000a1e00000, 0x0000000100000000)
  region size 1024K, 13 young (13312K), 0 survivors (0K)
 Metaspace       used 3928K, committed 4160K, reserved 1114112K
  class space    used 413K, committed 512K, reserved 1048576K
}
Event: 18.133 GC heap after
{Heap after GC invocations=1 (full 0):
 garbage-first heap   total 98304K, used 9016K [0x00000000a1e00000, 0x0000000100000000)
  region size 1024K, 2 young (2048K), 2 survivors (2048K)
 Metaspace       used 3928K, committed 4160K, reserved 1114112K
  class space    used 413K, committed 512K, reserved 1048576K
}
Event: 28.794 GC heap before
{Heap before GC invocations=1 (full 0):
 garbage-first heap   total 98304K, used 15160K [0x00000000a1e00000, 0x0000000100000000)
  region size 1024K, 9 young (9216K), 2 survivors (2048K)
 Metaspace       used 6880K, committed 7040K, reserved 1114112K
  class space    used 761K, committed 832K, reserved 1048576K
}
Event: 28.802 GC heap after
{Heap after GC invocations=2 (full 0):
 garbage-first heap   total 98304K, used 10107K [0x00000000a1e00000, 0x0000000100000000)
  region size 1024K, 2 young (2048K), 2 survivors (2048K)
 Metaspace       used 6880K, committed 7040K, reserved 1114112K
  class space    used 761K, committed 832K, reserved 1048576K
}
Event: 38.484 GC heap before
{Heap before GC invocations=2 (full 0):
 garbage-first heap   total 98304K, used 26491K [0x00000000a1e00000, 0x0000000100000000)
  region size 1024K, 18 young (18432K), 2 survivors (2048K)
 Metaspace       used 10000K, committed 10240K, reserved 1114112K
  class space    used 1173K, committed 1280K, reserved 1048576K
}
Event: 38.490 GC heap after
{Heap after GC invocations=3 (full 0):
 garbage-first heap   total 98304K, used 11095K [0x00000000a1e00000, 0x0000000100000000)
  region size 1024K, 3 young (3072K), 3 survivors (3072K)
 Metaspace       used 10000K, committed 10240K, reserved 1114112K
  class space    used 1173K, committed 1280K, reserved 1048576K
}

