# JRE version: Java(TM) SE Runtime Environment (17.0.8+9) (build 17.0.8+9-LTS-211)
# Java VM: Java HotSpot(TM) 64-Bit Server VM (17.0.8+9-LTS-211, mixed mode, sharing, tiered, compressed oops, compressed class ptrs, g1 gc, windows-amd64)
GC Precious Log:
 CPUs: 4 total, 4 available
 Memory: 6023M
 Large Page Support: Disabled
 NUMA Support: Disabled
 Compressed Oops: Enabled (32-bit)
 Heap Region Size: 1M
 Heap Min Capacity: 8M
 Heap Initial Capacity: 96M
 Heap Max Capacity: 1506M
 Pre-touch: Disabled
 Parallel Workers: 4
 Concurrent Workers: 1
 Concurrent Refinement Workers: 4
 Periodic GC: Disabled
Heap:
 garbage-first heap   total 58368K, used 43781K [0x00000000a1e00000, 0x0000000100000000)
  region size 1024K, 15 young (15360K), 2 survivors (2048K)
 Metaspace       used 61545K, committed 62016K, reserved 1114112K
  class space    used 8284K, committed 8512K, reserved 1048576K
GC Heap History (20 events):
Event: 49.491 GC heap before
{Heap before GC invocations=9 (full 0):
 garbage-first heap   total 58368K, used 40676K [0x00000000a1e00000, 0x0000000100000000)
  region size 1024K, 24 young (24576K), 2 survivors (2048K)
 Metaspace       used 27109K, committed 27456K, reserved 1114112K
  class space    used 3328K, committed 3520K, reserved 1048576K
}
Event: 49.499 GC heap after
{Heap after GC invocations=10 (full 0):
 garbage-first heap   total 58368K, used 20643K [0x00000000a1e00000, 0x0000000100000000)
  region size 1024K, 3 young (3072K), 3 survivors (3072K)
 Metaspace       used 27109K, committed 27456K, reserved 1114112K
  class space    used 3328K, committed 3520K, reserved 1048576K
}
Event: 57.735 GC heap before
{Heap before GC invocations=10 (full 0):
 garbage-first heap   total 58368K, used 43171K [0x00000000a1e00000, 0x0000000100000000)
  region size 1024K, 25 young (25600K), 3 survivors (3072K)
 Metaspace       used 30154K, committed 30528K, reserved 1114112K
  class space    used 3784K, committed 3968K, reserved 1048576K
}
Event: 57.748 GC heap after
{Heap after GC invocations=11 (full 0):
 garbage-first heap   total 58368K, used 22715K [0x00000000a1e00000, 0x0000000100000000)
  region size 1024K, 4 young (4096K), 4 survivors (4096K)
 Metaspace       used 30154K, committed 30528K, reserved 1114112K
  class space    used 3784K, committed 3968K, reserved 1048576K
}
Event: 65.916 GC heap before
{Heap before GC invocations=11 (full 0):
 garbage-first heap   total 58368K, used 44219K [0x00000000a1e00000, 0x0000000100000000)
  region size 1024K, 25 young (25600K), 4 survivors (4096K)
 Metaspace       used 34229K, committed 34688K, reserved 1114112K
  class space    used 4324K, committed 4544K, reserved 1048576K
}
Event: 65.931 GC heap after
{Heap after GC invocations=12 (full 0):
 garbage-first heap   total 58368K, used 24458K [0x00000000a1e00000, 0x0000000100000000)
  region size 1024K, 2 young (2048K), 2 survivors (2048K)
 Metaspace       used 34229K, committed 34688K, reserved 1114112K
  class space    used 4324K, committed 4544K, reserved 1048576K
}
Event: 69.977 GC heap before
{Heap before GC invocations=12 (full 0):
 garbage-first heap   total 58368K, used 33674K [0x00000000a1e00000, 0x0000000100000000)
  region size 1024K, 12 young (12288K), 2 survivors (2048K)
 Metaspace       used 35568K, committed 35968K, reserved 1114112K
  class space    used 4455K, committed 4672K, reserved 1048576K
}
Event: 69.984 GC heap after
{Heap after GC invocations=13 (full 0):
 garbage-first heap   total 58368K, used 25169K [0x00000000a1e00000, 0x0000000100000000)
  region size 1024K, 1 young (1024K), 1 survivors (1024K)
 Metaspace       used 35568K, committed 35968K, reserved 1114112K
  class space    used 4455K, committed 4672K, reserved 1048576K
}
Event: 82.743 GC heap before
{Heap before GC invocations=14 (full 0):
 garbage-first heap   total 58368K, used 45649K [0x00000000a1e00000, 0x0000000100000000)
  region size 1024K, 21 young (21504K), 1 survivors (1024K)
 Metaspace       used 37533K, committed 38080K, reserved 1114112K
  class space    used 4738K, committed 4992K, reserved 1048576K
}
Event: 82.751 GC heap after
{Heap after GC invocations=15 (full 0):
 garbage-first heap   total 58368K, used 26234K [0x00000000a1e00000, 0x0000000100000000)
  region size 1024K, 2 young (2048K), 2 survivors (2048K)
 Metaspace       used 37533K, committed 38080K, reserved 1114112K
  class space    used 4738K, committed 4992K, reserved 1048576K
}
Event: 92.024 GC heap before
{Heap before GC invocations=15 (full 0):
 garbage-first heap   total 58368K, used 45690K [0x00000000a1e00000, 0x0000000100000000)
  region size 1024K, 22 young (22528K), 2 survivors (2048K)
 Metaspace       used 40789K, committed 41280K, reserved 1114112K
  class space    used 5192K, committed 5440K, reserved 1048576K
}
Event: 92.032 GC heap after
{Heap after GC invocations=16 (full 0):
 garbage-first heap   total 58368K, used 27330K [0x00000000a1e00000, 0x0000000100000000)
  region size 1024K, 3 young (3072K), 3 survivors (3072K)
 Metaspace       used 40789K, committed 41280K, reserved 1114112K
  class space    used 5192K, committed 5440K, reserved 1048576K
}
Event: 96.906 GC heap before
{Heap before GC invocations=16 (full 0):
 garbage-first heap   total 58368K, used 45762K [0x00000000a1e00000, 0x0000000100000000)
  region size 1024K, 21 young (21504K), 3 survivors (3072K)
 Metaspace       used 45689K, committed 46208K, reserved 1114112K
  class space    used 5890K, committed 6144K, reserved 1048576K
}
Event: 96.914 GC heap after
{Heap after GC invocations=17 (full 0):
 garbage-first heap   total 58368K, used 28587K [0x00000000a1e00000, 0x0000000100000000)
  region size 1024K, 3 young (3072K), 3 survivors (3072K)
 Metaspace       used 45689K, committed 46208K, reserved 1114112K
  class space    used 5890K, committed 6144K, reserved 1048576K
}
Event: 101.403 GC heap before
{Heap before GC invocations=17 (full 0):
 garbage-first heap   total 58368K, used 45995K [0x00000000a1e00000, 0x0000000100000000)
  region size 1024K, 21 young (21504K), 3 survivors (3072K)
 Metaspace       used 50386K, committed 50880K, reserved 1114112K
  class space    used 6534K, committed 6784K, reserved 1048576K
}
Event: 101.413 GC heap after
{Heap after GC invocations=18 (full 0):
 garbage-first heap   total 58368K, used 30416K [0x00000000a1e00000, 0x0000000100000000)
  region size 1024K, 3 young (3072K), 3 survivors (3072K)
 Metaspace       used 50386K, committed 50880K, reserved 1114112K
  class space    used 6534K, committed 6784K, reserved 1048576K
}
Event: 110.300 GC heap before
{Heap before GC invocations=19 (full 0):
 garbage-first heap   total 58368K, used 45776K [0x00000000a1e00000, 0x0000000100000000)
  region size 1024K, 19 young (19456K), 3 survivors (3072K)
 Metaspace       used 54880K, committed 55360K, reserved 1114112K
  class space    used 7210K, committed 7424K, reserved 1048576K
}
Event: 110.322 GC heap after
{Heap after GC invocations=20 (full 0):
 garbage-first heap   total 58368K, used 31031K [0x00000000a1e00000, 0x0000000100000000)
  region size 1024K, 1 young (1024K), 1 survivors (1024K)
 Metaspace       used 54880K, committed 55360K, reserved 1114112K
  class space    used 7210K, committed 7424K, reserved 1048576K
}
Event: 124.916 GC heap before
{Heap before GC invocations=20 (full 0):
 garbage-first heap   total 58368K, used 46391K [0x00000000a1e00000, 0x0000000100000000)
  region size 1024K, 17 young (17408K), 1 survivors (1024K)
 Metaspace       used 58935K, committed 59520K, reserved 1114112K
  class space    used 7869K, committed 8128K, reserved 1048576K
}
Event: 124.921 GC heap after
{Heap after GC invocations=21 (full 0):
 garbage-first heap   total 58368K, used 31493K [0x00000000a1e00000, 0x0000000100000000)
  region size 1024K, 2 young (2048K), 2 survivors (2048K)
 Metaspace       used 58935K, committed 59520K, reserved 1114112K
  class space    used 7869K, committed 8128K, reserved 1048576K
}

