# JRE version: Java(TM) SE Runtime Environment (17.0.8+9) (build 17.0.8+9-LTS-211)
# Java VM: Java HotSpot(TM) 64-Bit Server VM (17.0.8+9-LTS-211, mixed mode, sharing, tiered, compressed oops, compressed class ptrs, g1 gc, windows-amd64)
GC Precious Log:
 CPUs: 4 total, 4 available
 Memory: 6023M
 Large Page Support: Disabled
 NUMA Support: Disabled
 Compressed Oops: Enabled (32-bit)
 Heap Region Size: 1M
 Heap Min Capacity: 8M
 Heap Initial Capacity: 96M
 Heap Max Capacity: 1506M
 Pre-touch: Disabled
 Parallel Workers: 4
 Concurrent Workers: 1
 Concurrent Refinement Workers: 4
 Periodic GC: Disabled
Heap:
 garbage-first heap   total 61440K, used 35577K [0x00000000a1e00000, 0x0000000100000000)
  region size 1024K, 22 young (22528K), 4 survivors (4096K)
 Metaspace       used 24062K, committed 24448K, reserved 1114112K
  class space    used 2916K, committed 3136K, reserved 1048576K
GC Heap History (12 events):
Event: 4.977 GC heap before
{Heap before GC invocations=0 (full 0):
 garbage-first heap   total 98304K, used 13312K [0x00000000a1e00000, 0x0000000100000000)
  region size 1024K, 13 young (13312K), 0 survivors (0K)
 Metaspace       used 3922K, committed 4160K, reserved 1114112K
  class space    used 413K, committed 512K, reserved 1048576K
}
Event: 5.059 GC heap after
{Heap after GC invocations=1 (full 0):
 garbage-first heap   total 98304K, used 9007K [0x00000000a1e00000, 0x0000000100000000)
  region size 1024K, 2 young (2048K), 2 survivors (2048K)
 Metaspace       used 3922K, committed 4160K, reserved 1114112K
  class space    used 413K, committed 512K, reserved 1048576K
}
Event: 9.638 GC heap before
{Heap before GC invocations=1 (full 0):
 garbage-first heap   total 98304K, used 16175K [0x00000000a1e00000, 0x0000000100000000)
  region size 1024K, 9 young (9216K), 2 survivors (2048K)
 Metaspace       used 7126K, committed 7360K, reserved 1114112K
  class space    used 793K, committed 896K, reserved 1048576K
}
Event: 9.648 GC heap after
{Heap after GC invocations=2 (full 0):
 garbage-first heap   total 98304K, used 10425K [0x00000000a1e00000, 0x0000000100000000)
  region size 1024K, 2 young (2048K), 2 survivors (2048K)
 Metaspace       used 7126K, committed 7360K, reserved 1114112K
  class space    used 793K, committed 896K, reserved 1048576K
}
Event: 13.160 GC heap before
{Heap before GC invocations=2 (full 0):
 garbage-first heap   total 98304K, used 25785K [0x00000000a1e00000, 0x0000000100000000)
  region size 1024K, 18 young (18432K), 2 survivors (2048K)
 Metaspace       used 10330K, committed 10560K, reserved 1114112K
  class space    used 1220K, committed 1280K, reserved 1048576K
}
Event: 13.166 GC heap after
{Heap after GC invocations=3 (full 0):
 garbage-first heap   total 98304K, used 11454K [0x00000000a1e00000, 0x0000000100000000)
  region size 1024K, 3 young (3072K), 3 survivors (3072K)
 Metaspace       used 10330K, committed 10560K, reserved 1114112K
  class space    used 1220K, committed 1280K, reserved 1048576K
}
Event: 26.361 GC heap before
{Heap before GC invocations=3 (full 0):
 garbage-first heap   total 98304K, used 59582K [0x00000000a1e00000, 0x0000000100000000)
  region size 1024K, 51 young (52224K), 3 survivors (3072K)
 Metaspace       used 20420K, committed 20672K, reserved 1114112K
  class space    used 2486K, committed 2624K, reserved 1048576K
}
Event: 26.375 GC heap after
{Heap after GC invocations=4 (full 0):
 garbage-first heap   total 98304K, used 15120K [0x00000000a1e00000, 0x0000000100000000)
  region size 1024K, 6 young (6144K), 6 survivors (6144K)
 Metaspace       used 20420K, committed 20672K, reserved 1114112K
  class space    used 2486K, committed 2624K, reserved 1048576K
}
Event: 28.898 GC heap before
{Heap before GC invocations=4 (full 0):
 garbage-first heap   total 98304K, used 20240K [0x00000000a1e00000, 0x0000000100000000)
  region size 1024K, 13 young (13312K), 6 survivors (6144K)
 Metaspace       used 21174K, committed 21504K, reserved 1114112K
  class space    used 2569K, committed 2752K, reserved 1048576K
}
Event: 28.918 GC heap after
{Heap after GC invocations=5 (full 0):
 garbage-first heap   total 98304K, used 16346K [0x00000000a1e00000, 0x0000000100000000)
  region size 1024K, 5 young (5120K), 5 survivors (5120K)
 Metaspace       used 21174K, committed 21504K, reserved 1114112K
  class space    used 2569K, committed 2752K, reserved 1048576K
}
Event: 45.982 GC heap before
{Heap before GC invocations=6 (full 0):
 garbage-first heap   total 61440K, used 46042K [0x00000000a1e00000, 0x0000000100000000)
  region size 1024K, 35 young (35840K), 5 survivors (5120K)
 Metaspace       used 23425K, committed 23808K, reserved 1114112K
  class space    used 2836K, committed 3008K, reserved 1048576K
}
Event: 45.997 GC heap after
{Heap after GC invocations=7 (full 0):
 garbage-first heap   total 61440K, used 18169K [0x00000000a1e00000, 0x0000000100000000)
  region size 1024K, 4 young (4096K), 4 survivors (4096K)
 Metaspace       used 23425K, committed 23808K, reserved 1114112K
  class space    used 2836K, committed 3008K, reserved 1048576K
}

